10-Nov-2018 13:21:50 INFO: Clean up...
10-Nov-2018 13:21:50 INFO: Clean up...
10-Nov-2018 13:21:50 INFO: Removing temporary repository C:\Users\mickm\AppData\Local\Temp\patternTemp
10-Nov-2018 13:21:50 INFO: Removing temporary repository C:\Users\mickm\AppData\Local\Temp\patternTemp
10-Nov-2018 13:21:50 INFO: Deleting temporary repository location C:\Users\mickm\AppData\Local\Temp\patternTemp
10-Nov-2018 13:21:50 INFO: Deleting temporary repository location C:\Users\mickm\AppData\Local\Temp\patternTemp
10-Nov-2018 13:21:50 INFO: Download and extract...
10-Nov-2018 13:21:50 INFO: Download and extract...
10-Nov-2018 13:21:50 INFO: Downloading and extracting the remote pattern archive https://github.com/ot4i/record-distribution-mq-oneway-pattern/releases/download/2.0.0.0/FileToMQPattern.v2000.patternzip
10-Nov-2018 13:21:50 INFO: Downloading and extracting the remote pattern archive https://github.com/ot4i/record-distribution-mq-oneway-pattern/releases/download/2.0.0.0/FileToMQPattern.v2000.patternzip
10-Nov-2018 13:21:52 INFO: Set up repository...
10-Nov-2018 13:21:52 INFO: Set up repository...
10-Nov-2018 13:21:52 INFO: Adding temporary repository file:/C:/Users/mickm/AppData/Local/Temp/patternTemp
10-Nov-2018 13:21:52 INFO: Adding temporary repository file:/C:/Users/mickm/AppData/Local/Temp/patternTemp
10-Nov-2018 13:21:52 INFO: Install pattern...
10-Nov-2018 13:21:52 INFO: Install pattern...
10-Nov-2018 13:21:52 INFO: Loading temporary repository file:/C:/Users/mickm/AppData/Local/Temp/patternTemp
10-Nov-2018 13:21:52 INFO: Loading temporary repository file:/C:/Users/mickm/AppData/Local/Temp/patternTemp
10-Nov-2018 13:21:52 INFO: Resolving dependencies...
10-Nov-2018 13:21:52 INFO: Resolving dependencies...
10-Nov-2018 13:21:53 INFO: Wait while the pattern is being installed. It may take a few minutes...
10-Nov-2018 13:21:53 INFO: Wait while the pattern is being installed. It may take a few minutes...
26-Nov-2018 17:29:43 INFO: Could not connect to the repository OT4I GitHub Pattern Repository located at 'http://ot4i.github.io/iib-patterns/en/repo_metadata.json'.
26-Nov-2018 17:29:43 INFO: Could not connect to the repository Experimental OT4I GitHub Pattern Repository located at 'http://ot4i.github.io/iib-patterns/en/experimental/repo_metadata.json'.
24-Jan-2019 10:00:53 INFO: Could not connect to the repository OT4I GitHub Pattern Repository located at 'http://ot4i.github.io/iib-patterns/en/repo_metadata.json'.
24-Jan-2019 10:00:53 INFO: Could not connect to the repository Experimental OT4I GitHub Pattern Repository located at 'http://ot4i.github.io/iib-patterns/en/experimental/repo_metadata.json'.
